{"total": {"lines":{"total":13,"covered":9,"skipped":0,"pct":69.23},"statements":{"total":14,"covered":9,"skipped":0,"pct":64.29},"functions":{"total":4,"covered":2,"skipped":0,"pct":50},"branches":{"total":15,"covered":7,"skipped":0,"pct":46.67}}
,"/home/runner/work/react-run-web/react-run-web/src/index.tsx": {"lines":{"total":13,"covered":9,"skipped":0,"pct":69.23},"functions":{"total":4,"covered":2,"skipped":0,"pct":50},"statements":{"total":14,"covered":9,"skipped":0,"pct":64.29},"branches":{"total":15,"covered":7,"skipped":0,"pct":46.67}}
}
