TN:
SF:src/index.tsx
FN:12,(anonymous_0)
FN:16,(anonymous_1)
FN:23,renderFrameContents
FN:35,(anonymous_3)
FNF:4
FNH:2
FNDA:6,(anonymous_0)
FNDA:3,(anonymous_1)
FNDA:0,renderFrameContents
FNDA:0,(anonymous_3)
DA:13,6
DA:14,6
DA:15,6
DA:16,6
DA:17,3
DA:18,3
DA:19,3
DA:20,3
DA:24,0
DA:25,0
DA:28,6
DA:36,0
DA:37,0
LF:13
LH:9
BRDA:13,0,0,6
BRDA:13,1,0,6
BRDA:18,2,0,1
BRDA:18,2,1,2
BRDA:19,3,0,1
BRDA:19,3,1,2
BRDA:24,4,0,0
BRDA:24,4,1,0
BRDA:24,5,0,0
BRDA:24,5,1,0
BRDA:24,5,2,0
BRDA:37,6,0,0
BRDA:37,6,1,0
BRDA:42,7,0,6
BRDA:42,7,1,0
BRF:15
BRH:7
end_of_record
