TN:
SF:src/index.tsx
FN:12,(anonymous_0)
FN:17,(anonymous_1)
FN:19,(anonymous_2)
FN:30,renderFrameContents
FN:42,(anonymous_4)
FNF:5
FNH:2
FNDA:6,(anonymous_0)
FNDA:0,(anonymous_1)
FNDA:3,(anonymous_2)
FNDA:0,renderFrameContents
FNDA:0,(anonymous_4)
DA:13,6
DA:14,6
DA:15,6
DA:17,6
DA:19,6
DA:20,3
DA:21,3
DA:22,3
DA:23,3
DA:24,3
DA:25,3
DA:26,0
DA:31,0
DA:32,0
DA:35,6
DA:43,0
DA:44,0
LF:17
LH:12
BRDA:13,0,0,6
BRDA:13,1,0,6
BRDA:21,2,0,1
BRDA:21,2,1,2
BRDA:22,3,0,1
BRDA:22,3,1,2
BRDA:25,4,0,0
BRDA:25,4,1,3
BRDA:31,5,0,0
BRDA:31,5,1,0
BRDA:31,6,0,0
BRDA:31,6,1,0
BRDA:31,6,2,0
BRDA:44,7,0,0
BRDA:44,7,1,0
BRDA:48,8,0,6
BRDA:48,8,1,0
BRF:17
BRH:8
end_of_record
